Determining if the pthread_create exist failed with the following output:
Change Dir: /home/gary9555/Desktop/ELEC6910P/proj2phase2/catkin_ws/build/CMakeFiles/CMakeTmp

Run Build Command:/usr/bin/make "cmTryCompileExec1598712372/fast"
/usr/bin/make -f CMakeFiles/cmTryCompileExec1598712372.dir/build.make CMakeFiles/cmTryCompileExec1598712372.dir/build
make[1]: Entering directory `/home/gary9555/Desktop/ELEC6910P/proj2phase2/catkin_ws/build/CMakeFiles/CMakeTmp'
/usr/bin/cmake -E cmake_progress_report /home/gary9555/Desktop/ELEC6910P/proj2phase2/catkin_ws/build/CMakeFiles/CMakeTmp/CMakeFiles 1
Building C object CMakeFiles/cmTryCompileExec1598712372.dir/CheckSymbolExists.c.o
/usr/bin/cc    -o CMakeFiles/cmTryCompileExec1598712372.dir/CheckSymbolExists.c.o   -c /home/gary9555/Desktop/ELEC6910P/proj2phase2/catkin_ws/build/CMakeFiles/CMakeTmp/CheckSymbolExists.c
Linking C executable cmTryCompileExec1598712372
/usr/bin/cmake -E cmake_link_script CMakeFiles/cmTryCompileExec1598712372.dir/link.txt --verbose=1
/usr/bin/cc       CMakeFiles/cmTryCompileExec1598712372.dir/CheckSymbolExists.c.o  -o cmTryCompileExec1598712372 -rdynamic 
CMakeFiles/cmTryCompileExec1598712372.dir/CheckSymbolExists.c.o: In function `main':
CheckSymbolExists.c:(.text+0x16): undefined reference to `pthread_create'
collect2: error: ld returned 1 exit status
make[1]: *** [cmTryCompileExec1598712372] Error 1
make[1]: Leaving directory `/home/gary9555/Desktop/ELEC6910P/proj2phase2/catkin_ws/build/CMakeFiles/CMakeTmp'
make: *** [cmTryCompileExec1598712372/fast] Error 2

File /home/gary9555/Desktop/ELEC6910P/proj2phase2/catkin_ws/build/CMakeFiles/CMakeTmp/CheckSymbolExists.c:
/* */
#include <pthread.h>

int main(int argc, char** argv)
{
  (void)argv;
#ifndef pthread_create
  return ((int*)(&pthread_create))[argc];
#else
  (void)argc;
  return 0;
#endif
}

Determining if the function pthread_create exists in the pthreads failed with the following output:
Change Dir: /home/gary9555/Desktop/ELEC6910P/proj2phase2/catkin_ws/build/CMakeFiles/CMakeTmp

Run Build Command:/usr/bin/make "cmTryCompileExec3243664998/fast"
/usr/bin/make -f CMakeFiles/cmTryCompileExec3243664998.dir/build.make CMakeFiles/cmTryCompileExec3243664998.dir/build
make[1]: Entering directory `/home/gary9555/Desktop/ELEC6910P/proj2phase2/catkin_ws/build/CMakeFiles/CMakeTmp'
/usr/bin/cmake -E cmake_progress_report /home/gary9555/Desktop/ELEC6910P/proj2phase2/catkin_ws/build/CMakeFiles/CMakeTmp/CMakeFiles 1
Building C object CMakeFiles/cmTryCompileExec3243664998.dir/CheckFunctionExists.c.o
/usr/bin/cc   -DCHECK_FUNCTION_EXISTS=pthread_create   -o CMakeFiles/cmTryCompileExec3243664998.dir/CheckFunctionExists.c.o   -c /usr/share/cmake-2.8/Modules/CheckFunctionExists.c
Linking C executable cmTryCompileExec3243664998
/usr/bin/cmake -E cmake_link_script CMakeFiles/cmTryCompileExec3243664998.dir/link.txt --verbose=1
/usr/bin/cc   -DCHECK_FUNCTION_EXISTS=pthread_create    CMakeFiles/cmTryCompileExec3243664998.dir/CheckFunctionExists.c.o  -o cmTryCompileExec3243664998 -rdynamic -lpthreads 
/usr/bin/ld: cannot find -lpthreads
collect2: error: ld returned 1 exit status
make[1]: *** [cmTryCompileExec3243664998] Error 1
make[1]: Leaving directory `/home/gary9555/Desktop/ELEC6910P/proj2phase2/catkin_ws/build/CMakeFiles/CMakeTmp'
make: *** [cmTryCompileExec3243664998/fast] Error 2


