Determining if the pthread_create exist failed with the following output:
Change Dir: /home/gary9555/Desktop/ELEC6910P/proj2phase1/catkin_ws/build/CMakeFiles/CMakeTmp

Run Build Command:/usr/bin/make "cmTryCompileExec3774000341/fast"
/usr/bin/make -f CMakeFiles/cmTryCompileExec3774000341.dir/build.make CMakeFiles/cmTryCompileExec3774000341.dir/build
make[1]: Entering directory `/home/gary9555/Desktop/ELEC6910P/proj2phase1/catkin_ws/build/CMakeFiles/CMakeTmp'
/usr/bin/cmake -E cmake_progress_report /home/gary9555/Desktop/ELEC6910P/proj2phase1/catkin_ws/build/CMakeFiles/CMakeTmp/CMakeFiles 1
Building C object CMakeFiles/cmTryCompileExec3774000341.dir/CheckSymbolExists.c.o
/usr/bin/cc    -o CMakeFiles/cmTryCompileExec3774000341.dir/CheckSymbolExists.c.o   -c /home/gary9555/Desktop/ELEC6910P/proj2phase1/catkin_ws/build/CMakeFiles/CMakeTmp/CheckSymbolExists.c
Linking C executable cmTryCompileExec3774000341
/usr/bin/cmake -E cmake_link_script CMakeFiles/cmTryCompileExec3774000341.dir/link.txt --verbose=1
/usr/bin/cc       CMakeFiles/cmTryCompileExec3774000341.dir/CheckSymbolExists.c.o  -o cmTryCompileExec3774000341 -rdynamic 
CMakeFiles/cmTryCompileExec3774000341.dir/CheckSymbolExists.c.o: In function `main':
CheckSymbolExists.c:(.text+0x16): undefined reference to `pthread_create'
collect2: error: ld returned 1 exit status
make[1]: *** [cmTryCompileExec3774000341] Error 1
make[1]: Leaving directory `/home/gary9555/Desktop/ELEC6910P/proj2phase1/catkin_ws/build/CMakeFiles/CMakeTmp'
make: *** [cmTryCompileExec3774000341/fast] Error 2

File /home/gary9555/Desktop/ELEC6910P/proj2phase1/catkin_ws/build/CMakeFiles/CMakeTmp/CheckSymbolExists.c:
/* */
#include <pthread.h>

int main(int argc, char** argv)
{
  (void)argv;
#ifndef pthread_create
  return ((int*)(&pthread_create))[argc];
#else
  (void)argc;
  return 0;
#endif
}

Determining if the function pthread_create exists in the pthreads failed with the following output:
Change Dir: /home/gary9555/Desktop/ELEC6910P/proj2phase1/catkin_ws/build/CMakeFiles/CMakeTmp

Run Build Command:/usr/bin/make "cmTryCompileExec2534783794/fast"
/usr/bin/make -f CMakeFiles/cmTryCompileExec2534783794.dir/build.make CMakeFiles/cmTryCompileExec2534783794.dir/build
make[1]: Entering directory `/home/gary9555/Desktop/ELEC6910P/proj2phase1/catkin_ws/build/CMakeFiles/CMakeTmp'
/usr/bin/cmake -E cmake_progress_report /home/gary9555/Desktop/ELEC6910P/proj2phase1/catkin_ws/build/CMakeFiles/CMakeTmp/CMakeFiles 1
Building C object CMakeFiles/cmTryCompileExec2534783794.dir/CheckFunctionExists.c.o
/usr/bin/cc   -DCHECK_FUNCTION_EXISTS=pthread_create   -o CMakeFiles/cmTryCompileExec2534783794.dir/CheckFunctionExists.c.o   -c /usr/share/cmake-2.8/Modules/CheckFunctionExists.c
Linking C executable cmTryCompileExec2534783794
/usr/bin/cmake -E cmake_link_script CMakeFiles/cmTryCompileExec2534783794.dir/link.txt --verbose=1
/usr/bin/cc   -DCHECK_FUNCTION_EXISTS=pthread_create    CMakeFiles/cmTryCompileExec2534783794.dir/CheckFunctionExists.c.o  -o cmTryCompileExec2534783794 -rdynamic -lpthreads 
/usr/bin/ld: cannot find -lpthreads
collect2: error: ld returned 1 exit status
make[1]: *** [cmTryCompileExec2534783794] Error 1
make[1]: Leaving directory `/home/gary9555/Desktop/ELEC6910P/proj2phase1/catkin_ws/build/CMakeFiles/CMakeTmp'
make: *** [cmTryCompileExec2534783794/fast] Error 2


